{"/Users/abed/Desktop/Des/Skole/eksame/Exam-CPHMTOGO/CPHMTOGO/RestaurantService/server.ts": {"path":"/Users/abed/Desktop/Des/Skole/eksame/Exam-CPHMTOGO/CPHMTOGO/RestaurantService/server.ts","statementMap":{"0":{"start":{"line":1,"column":0},"end":{"line":1,"column":46}},"1":{"start":{"line":2,"column":0},"end":{"line":2,"column":66}},"2":{"start":{"line":3,"column":0},"end":{"line":3,"column":45}},"3":{"start":{"line":4,"column":0},"end":{"line":4,"column":43}},"4":{"start":{"line":7,"column":16},"end":{"line":10,"column":3}},"5":{"start":{"line":11,"column":17},"end":{"line":13,"column":3}},"6":{"start":{"line":15,"column":1},"end":{"line":15,"column":44}},"7":{"start":{"line":17,"column":0},"end":{"line":17,"column":14}}},"fnMap":{"0":{"name":"startServer","decl":{"start":{"line":6,"column":15},"end":{"line":6,"column":26}},"loc":{"start":{"line":6,"column":26},"end":{"line":16,"column":null}}}},"branchMap":{},"s":{"0":0,"1":0,"2":0,"3":0,"4":0,"5":0,"6":0,"7":0},"f":{"0":0},"b":{}}
,"/Users/abed/Desktop/Des/Skole/eksame/Exam-CPHMTOGO/CPHMTOGO/RestaurantService/controllers/menu.controller.ts": {"path":"/Users/abed/Desktop/Des/Skole/eksame/Exam-CPHMTOGO/CPHMTOGO/RestaurantService/controllers/menu.controller.ts","statementMap":{"0":{"start":{"line":2,"column":0},"end":{"line":2,"column":38}},"1":{"start":{"line":5,"column":1},"end":{"line":9,"column":4}},"2":{"start":{"line":13,"column":1},"end":{"line":17,"column":4}},"3":{"start":{"line":21,"column":1},"end":{"line":26,"column":4}},"4":{"start":{"line":30,"column":1},"end":{"line":37,"column":4}},"5":{"start":{"line":41,"column":1},"end":{"line":51,"column":4}},"6":{"start":{"line":54,"column":0},"end":{"line":60,"column":2}}},"fnMap":{"0":{"name":"getMenu","decl":{"start":{"line":4,"column":15},"end":{"line":4,"column":22}},"loc":{"start":{"line":4,"column":33},"end":{"line":10,"column":null}}},"1":{"name":"getAllMenus","decl":{"start":{"line":12,"column":15},"end":{"line":12,"column":26}},"loc":{"start":{"line":12,"column":26},"end":{"line":18,"column":null}}},"2":{"name":"creaetMenu","decl":{"start":{"line":20,"column":15},"end":{"line":20,"column":25}},"loc":{"start":{"line":20,"column":36},"end":{"line":27,"column":null}}},"3":{"name":"deleteMenu","decl":{"start":{"line":29,"column":15},"end":{"line":29,"column":25}},"loc":{"start":{"line":29,"column":36},"end":{"line":38,"column":null}}},"4":{"name":"updateMenu","decl":{"start":{"line":40,"column":15},"end":{"line":40,"column":25}},"loc":{"start":{"line":40,"column":51},"end":{"line":52,"column":null}}}},"branchMap":{},"s":{"0":0,"1":0,"2":0,"3":0,"4":0,"5":0,"6":0},"f":{"0":0,"1":0,"2":0,"3":0,"4":0},"b":{}}
,"/Users/abed/Desktop/Des/Skole/eksame/Exam-CPHMTOGO/CPHMTOGO/RestaurantService/controllers/menuItem.controller.ts": {"path":"/Users/abed/Desktop/Des/Skole/eksame/Exam-CPHMTOGO/CPHMTOGO/RestaurantService/controllers/menuItem.controller.ts","statementMap":{"0":{"start":{"line":2,"column":0},"end":{"line":2,"column":38}},"1":{"start":{"line":5,"column":1},"end":{"line":9,"column":4}},"2":{"start":{"line":13,"column":1},"end":{"line":13,"column":38}},"3":{"start":{"line":17,"column":1},"end":{"line":19,"column":4}},"4":{"start":{"line":23,"column":1},"end":{"line":27,"column":4}},"5":{"start":{"line":31,"column":1},"end":{"line":41,"column":4}},"6":{"start":{"line":44,"column":0},"end":{"line":50,"column":2}}},"fnMap":{"0":{"name":"getMenuItem","decl":{"start":{"line":4,"column":15},"end":{"line":4,"column":26}},"loc":{"start":{"line":4,"column":37},"end":{"line":10,"column":null}}},"1":{"name":"getAllMenuItems","decl":{"start":{"line":12,"column":15},"end":{"line":12,"column":30}},"loc":{"start":{"line":12,"column":30},"end":{"line":14,"column":null}}},"2":{"name":"createMenuItem","decl":{"start":{"line":16,"column":15},"end":{"line":16,"column":29}},"loc":{"start":{"line":16,"column":49},"end":{"line":20,"column":null}}},"3":{"name":"deleteMenuItem","decl":{"start":{"line":22,"column":15},"end":{"line":22,"column":29}},"loc":{"start":{"line":22,"column":40},"end":{"line":28,"column":null}}},"4":{"name":"updateMenuItem","decl":{"start":{"line":30,"column":15},"end":{"line":30,"column":29}},"loc":{"start":{"line":30,"column":108},"end":{"line":42,"column":null}}}},"branchMap":{},"s":{"0":0,"1":0,"2":0,"3":0,"4":0,"5":0,"6":0},"f":{"0":0,"1":0,"2":0,"3":0,"4":0},"b":{}}
,"/Users/abed/Desktop/Des/Skole/eksame/Exam-CPHMTOGO/CPHMTOGO/RestaurantService/controllers/restaurant.controller.ts": {"path":"/Users/abed/Desktop/Des/Skole/eksame/Exam-CPHMTOGO/CPHMTOGO/RestaurantService/controllers/restaurant.controller.ts","statementMap":{"0":{"start":{"line":2,"column":0},"end":{"line":2,"column":38}},"1":{"start":{"line":5,"column":1},"end":{"line":16,"column":4}},"2":{"start":{"line":20,"column":1},"end":{"line":28,"column":4}},"3":{"start":{"line":32,"column":1},"end":{"line":32,"column":25}},"4":{"start":{"line":34,"column":1},"end":{"line":43,"column":4}},"5":{"start":{"line":46,"column":1},"end":{"line":67,"column":4}},"6":{"start":{"line":71,"column":1},"end":{"line":82,"column":4}},"7":{"start":{"line":85,"column":0},"end":{"line":91,"column":2}}},"fnMap":{"0":{"name":"getRestaurant","decl":{"start":{"line":4,"column":15},"end":{"line":4,"column":28}},"loc":{"start":{"line":4,"column":39},"end":{"line":17,"column":null}}},"1":{"name":"getAllRestaurants","decl":{"start":{"line":19,"column":15},"end":{"line":19,"column":32}},"loc":{"start":{"line":19,"column":32},"end":{"line":29,"column":null}}},"2":{"name":"createRestaurant","decl":{"start":{"line":31,"column":15},"end":{"line":31,"column":31}},"loc":{"start":{"line":31,"column":54},"end":{"line":44,"column":null}}},"3":{"name":"updateRestaurant","decl":{"start":{"line":45,"column":15},"end":{"line":45,"column":31}},"loc":{"start":{"line":45,"column":113},"end":{"line":68,"column":null}}},"4":{"name":"deleteRestaurant","decl":{"start":{"line":70,"column":15},"end":{"line":70,"column":31}},"loc":{"start":{"line":70,"column":42},"end":{"line":83,"column":null}}}},"branchMap":{},"s":{"0":0,"1":0,"2":0,"3":0,"4":0,"5":0,"6":0,"7":0},"f":{"0":0,"1":0,"2":0,"3":0,"4":0},"b":{}}
,"/Users/abed/Desktop/Des/Skole/eksame/Exam-CPHMTOGO/CPHMTOGO/RestaurantService/prisma/client.ts": {"path":"/Users/abed/Desktop/Des/Skole/eksame/Exam-CPHMTOGO/CPHMTOGO/RestaurantService/prisma/client.ts","statementMap":{"0":{"start":{"line":1,"column":0},"end":{"line":1,"column":46}},"1":{"start":{"line":3,"column":15},"end":{"line":3,"column":33}},"2":{"start":{"line":4,"column":0},"end":{"line":4,"column":22}}},"fnMap":{},"branchMap":{},"s":{"0":0,"1":0,"2":0},"f":{},"b":{}}
,"/Users/abed/Desktop/Des/Skole/eksame/Exam-CPHMTOGO/CPHMTOGO/RestaurantService/resolvers/resolver.ts": {"path":"/Users/abed/Desktop/Des/Skole/eksame/Exam-CPHMTOGO/CPHMTOGO/RestaurantService/resolvers/resolver.ts","statementMap":{"0":{"start":{"line":1,"column":0},"end":{"line":1,"column":62}},"1":{"start":{"line":2,"column":0},"end":{"line":2,"column":50}},"2":{"start":{"line":3,"column":0},"end":{"line":3,"column":58}},"3":{"start":{"line":5,"column":0},"end":{"line":5,"column":34}},"4":{"start":{"line":9,"column":18},"end":{"line":112,"column":2}},"5":{"start":{"line":11,"column":77},"end":{"line":13,"column":null}},"6":{"start":{"line":12,"column":3},"end":{"line":12,"column":45}},"7":{"start":{"line":15,"column":79},"end":{"line":17,"column":null}},"8":{"start":{"line":16,"column":3},"end":{"line":16,"column":47}},"9":{"start":{"line":24,"column":6},"end":{"line":36,"column":null}},"10":{"start":{"line":25,"column":3},"end":{"line":35,"column":6}},"11":{"start":{"line":43,"column":6},"end":{"line":55,"column":null}},"12":{"start":{"line":44,"column":3},"end":{"line":54,"column":6}},"13":{"start":{"line":57,"column":80},"end":{"line":59,"column":null}},"14":{"start":{"line":58,"column":3},"end":{"line":58,"column":48}},"15":{"start":{"line":61,"column":71},"end":{"line":63,"column":null}},"16":{"start":{"line":62,"column":3},"end":{"line":62,"column":33}},"17":{"start":{"line":65,"column":73},"end":{"line":67,"column":null}},"18":{"start":{"line":66,"column":3},"end":{"line":66,"column":35}},"19":{"start":{"line":69,"column":107},"end":{"line":75,"column":null}},"20":{"start":{"line":70,"column":3},"end":{"line":74,"column":6}},"21":{"start":{"line":77,"column":74},"end":{"line":79,"column":null}},"22":{"start":{"line":78,"column":3},"end":{"line":78,"column":36}},"23":{"start":{"line":81,"column":97},"end":{"line":83,"column":null}},"24":{"start":{"line":82,"column":3},"end":{"line":82,"column":43}},"25":{"start":{"line":85,"column":75},"end":{"line":87,"column":null}},"26":{"start":{"line":86,"column":3},"end":{"line":86,"column":41}},"27":{"start":{"line":89,"column":77},"end":{"line":91,"column":null}},"28":{"start":{"line":90,"column":3},"end":{"line":90,"column":43}},"29":{"start":{"line":93,"column":142},"end":{"line":102,"column":null}},"30":{"start":{"line":94,"column":3},"end":{"line":101,"column":6}},"31":{"start":{"line":104,"column":78},"end":{"line":106,"column":null}},"32":{"start":{"line":105,"column":3},"end":{"line":105,"column":44}},"33":{"start":{"line":108,"column":146},"end":{"line":110,"column":null}},"34":{"start":{"line":109,"column":3},"end":{"line":109,"column":80}},"35":{"start":{"line":114,"column":0},"end":{"line":114,"column":25}}},"fnMap":{"0":{"name":"(anonymous_8)","decl":{"start":{"line":11,"column":17},"end":{"line":11,"column":24}},"loc":{"start":{"line":11,"column":77},"end":{"line":13,"column":null}}},"1":{"name":"(anonymous_9)","decl":{"start":{"line":11,"column":77},"end":{"line":11,"column":null}},"loc":{"start":{"line":11,"column":77},"end":{"line":13,"column":3}}},"2":{"name":"(anonymous_10)","decl":{"start":{"line":15,"column":21},"end":{"line":15,"column":28}},"loc":{"start":{"line":15,"column":79},"end":{"line":17,"column":null}}},"3":{"name":"(anonymous_11)","decl":{"start":{"line":15,"column":79},"end":{"line":15,"column":null}},"loc":{"start":{"line":15,"column":79},"end":{"line":17,"column":3}}},"4":{"name":"(anonymous_12)","decl":{"start":{"line":19,"column":20},"end":{"line":19,"column":null}},"loc":{"start":{"line":24,"column":6},"end":{"line":36,"column":null}}},"5":{"name":"(anonymous_13)","decl":{"start":{"line":24,"column":6},"end":{"line":24,"column":null}},"loc":{"start":{"line":24,"column":6},"end":{"line":36,"column":3}}},"6":{"name":"(anonymous_14)","decl":{"start":{"line":38,"column":20},"end":{"line":38,"column":null}},"loc":{"start":{"line":43,"column":6},"end":{"line":55,"column":null}}},"7":{"name":"(anonymous_15)","decl":{"start":{"line":43,"column":6},"end":{"line":43,"column":null}},"loc":{"start":{"line":43,"column":6},"end":{"line":55,"column":3}}},"8":{"name":"(anonymous_16)","decl":{"start":{"line":57,"column":20},"end":{"line":57,"column":27}},"loc":{"start":{"line":57,"column":80},"end":{"line":59,"column":null}}},"9":{"name":"(anonymous_17)","decl":{"start":{"line":57,"column":80},"end":{"line":57,"column":null}},"loc":{"start":{"line":57,"column":80},"end":{"line":59,"column":3}}},"10":{"name":"(anonymous_18)","decl":{"start":{"line":61,"column":11},"end":{"line":61,"column":18}},"loc":{"start":{"line":61,"column":71},"end":{"line":63,"column":null}}},"11":{"name":"(anonymous_19)","decl":{"start":{"line":61,"column":71},"end":{"line":61,"column":null}},"loc":{"start":{"line":61,"column":71},"end":{"line":63,"column":3}}},"12":{"name":"(anonymous_20)","decl":{"start":{"line":65,"column":15},"end":{"line":65,"column":22}},"loc":{"start":{"line":65,"column":73},"end":{"line":67,"column":null}}},"13":{"name":"(anonymous_21)","decl":{"start":{"line":65,"column":73},"end":{"line":65,"column":null}},"loc":{"start":{"line":65,"column":73},"end":{"line":67,"column":3}}},"14":{"name":"(anonymous_22)","decl":{"start":{"line":69,"column":14},"end":{"line":69,"column":21}},"loc":{"start":{"line":69,"column":107},"end":{"line":75,"column":null}}},"15":{"name":"(anonymous_23)","decl":{"start":{"line":69,"column":107},"end":{"line":69,"column":null}},"loc":{"start":{"line":69,"column":107},"end":{"line":75,"column":3}}},"16":{"name":"(anonymous_24)","decl":{"start":{"line":77,"column":14},"end":{"line":77,"column":21}},"loc":{"start":{"line":77,"column":74},"end":{"line":79,"column":null}}},"17":{"name":"(anonymous_25)","decl":{"start":{"line":77,"column":74},"end":{"line":77,"column":null}},"loc":{"start":{"line":77,"column":74},"end":{"line":79,"column":3}}},"18":{"name":"(anonymous_26)","decl":{"start":{"line":81,"column":14},"end":{"line":81,"column":21}},"loc":{"start":{"line":81,"column":97},"end":{"line":83,"column":null}}},"19":{"name":"(anonymous_27)","decl":{"start":{"line":81,"column":97},"end":{"line":81,"column":null}},"loc":{"start":{"line":81,"column":97},"end":{"line":83,"column":3}}},"20":{"name":"(anonymous_28)","decl":{"start":{"line":85,"column":15},"end":{"line":85,"column":22}},"loc":{"start":{"line":85,"column":75},"end":{"line":87,"column":null}}},"21":{"name":"(anonymous_29)","decl":{"start":{"line":85,"column":75},"end":{"line":85,"column":null}},"loc":{"start":{"line":85,"column":75},"end":{"line":87,"column":3}}},"22":{"name":"(anonymous_30)","decl":{"start":{"line":89,"column":19},"end":{"line":89,"column":26}},"loc":{"start":{"line":89,"column":77},"end":{"line":91,"column":null}}},"23":{"name":"(anonymous_31)","decl":{"start":{"line":89,"column":77},"end":{"line":89,"column":null}},"loc":{"start":{"line":89,"column":77},"end":{"line":91,"column":3}}},"24":{"name":"(anonymous_32)","decl":{"start":{"line":93,"column":18},"end":{"line":93,"column":25}},"loc":{"start":{"line":93,"column":142},"end":{"line":102,"column":null}}},"25":{"name":"(anonymous_33)","decl":{"start":{"line":93,"column":142},"end":{"line":93,"column":null}},"loc":{"start":{"line":93,"column":142},"end":{"line":102,"column":3}}},"26":{"name":"(anonymous_34)","decl":{"start":{"line":104,"column":18},"end":{"line":104,"column":25}},"loc":{"start":{"line":104,"column":78},"end":{"line":106,"column":null}}},"27":{"name":"(anonymous_35)","decl":{"start":{"line":104,"column":78},"end":{"line":104,"column":null}},"loc":{"start":{"line":104,"column":78},"end":{"line":106,"column":3}}},"28":{"name":"(anonymous_36)","decl":{"start":{"line":108,"column":18},"end":{"line":108,"column":25}},"loc":{"start":{"line":108,"column":146},"end":{"line":110,"column":null}}},"29":{"name":"(anonymous_37)","decl":{"start":{"line":108,"column":146},"end":{"line":108,"column":null}},"loc":{"start":{"line":108,"column":146},"end":{"line":110,"column":3}}}},"branchMap":{},"s":{"0":0,"1":0,"2":0,"3":0,"4":0,"5":0,"6":0,"7":0,"8":0,"9":0,"10":0,"11":0,"12":0,"13":0,"14":0,"15":0,"16":0,"17":0,"18":0,"19":0,"20":0,"21":0,"22":0,"23":0,"24":0,"25":0,"26":0,"27":0,"28":0,"29":0,"30":0,"31":0,"32":0,"33":0,"34":0,"35":0},"f":{"0":0,"1":0,"2":0,"3":0,"4":0,"5":0,"6":0,"7":0,"8":0,"9":0,"10":0,"11":0,"12":0,"13":0,"14":0,"15":0,"16":0,"17":0,"18":0,"19":0,"20":0,"21":0,"22":0,"23":0,"24":0,"25":0,"26":0,"27":0,"28":0,"29":0},"b":{}}
,"/Users/abed/Desktop/Des/Skole/eksame/Exam-CPHMTOGO/CPHMTOGO/RestaurantService/typeDefs/typeDefs.ts": {"path":"/Users/abed/Desktop/Des/Skole/eksame/Exam-CPHMTOGO/CPHMTOGO/RestaurantService/typeDefs/typeDefs.ts","statementMap":{"0":{"start":{"line":1,"column":17},"end":{"line":78,"column":2}},"1":{"start":{"line":80,"column":0},"end":{"line":80,"column":24}}},"fnMap":{},"branchMap":{},"s":{"0":0,"1":0},"f":{},"b":{}}
}
