TN:
SF:server.ts
FN:6,startServer
FNF:1
FNH:0
FNDA:0,startServer
DA:1,0
DA:2,0
DA:3,0
DA:4,0
DA:7,0
DA:11,0
DA:15,0
DA:17,0
LF:8
LH:0
BRF:0
BRH:0
end_of_record
TN:
SF:controllers/menu.controller.ts
FN:4,getMenu
FN:12,getAllMenus
FN:20,creaetMenu
FN:29,deleteMenu
FN:40,updateMenu
FNF:5
FNH:0
FNDA:0,getMenu
FNDA:0,getAllMenus
FNDA:0,creaetMenu
FNDA:0,deleteMenu
FNDA:0,updateMenu
DA:2,0
DA:5,0
DA:13,0
DA:21,0
DA:30,0
DA:41,0
DA:54,0
LF:7
LH:0
BRF:0
BRH:0
end_of_record
TN:
SF:controllers/menuItem.controller.ts
FN:4,getMenuItem
FN:12,getAllMenuItems
FN:16,createMenuItem
FN:22,deleteMenuItem
FN:30,updateMenuItem
FNF:5
FNH:0
FNDA:0,getMenuItem
FNDA:0,getAllMenuItems
FNDA:0,createMenuItem
FNDA:0,deleteMenuItem
FNDA:0,updateMenuItem
DA:2,0
DA:5,0
DA:13,0
DA:17,0
DA:23,0
DA:31,0
DA:44,0
LF:7
LH:0
BRF:0
BRH:0
end_of_record
TN:
SF:controllers/restaurant.controller.ts
FN:4,getRestaurant
FN:19,getAllRestaurants
FN:31,createRestaurant
FN:45,updateRestaurant
FN:70,deleteRestaurant
FNF:5
FNH:0
FNDA:0,getRestaurant
FNDA:0,getAllRestaurants
FNDA:0,createRestaurant
FNDA:0,updateRestaurant
FNDA:0,deleteRestaurant
DA:2,0
DA:5,0
DA:20,0
DA:32,0
DA:34,0
DA:46,0
DA:71,0
DA:85,0
LF:8
LH:0
BRF:0
BRH:0
end_of_record
TN:
SF:prisma/client.ts
FNF:0
FNH:0
DA:1,0
DA:3,0
DA:4,0
LF:3
LH:0
BRF:0
BRH:0
end_of_record
TN:
SF:resolvers/resolver.ts
FN:11,(anonymous_8)
FN:11,(anonymous_9)
FN:15,(anonymous_10)
FN:15,(anonymous_11)
FN:19,(anonymous_12)
FN:24,(anonymous_13)
FN:38,(anonymous_14)
FN:43,(anonymous_15)
FN:57,(anonymous_16)
FN:57,(anonymous_17)
FN:61,(anonymous_18)
FN:61,(anonymous_19)
FN:65,(anonymous_20)
FN:65,(anonymous_21)
FN:69,(anonymous_22)
FN:69,(anonymous_23)
FN:77,(anonymous_24)
FN:77,(anonymous_25)
FN:81,(anonymous_26)
FN:81,(anonymous_27)
FN:85,(anonymous_28)
FN:85,(anonymous_29)
FN:89,(anonymous_30)
FN:89,(anonymous_31)
FN:93,(anonymous_32)
FN:93,(anonymous_33)
FN:104,(anonymous_34)
FN:104,(anonymous_35)
FN:108,(anonymous_36)
FN:108,(anonymous_37)
FNF:30
FNH:0
FNDA:0,(anonymous_8)
FNDA:0,(anonymous_9)
FNDA:0,(anonymous_10)
FNDA:0,(anonymous_11)
FNDA:0,(anonymous_12)
FNDA:0,(anonymous_13)
FNDA:0,(anonymous_14)
FNDA:0,(anonymous_15)
FNDA:0,(anonymous_16)
FNDA:0,(anonymous_17)
FNDA:0,(anonymous_18)
FNDA:0,(anonymous_19)
FNDA:0,(anonymous_20)
FNDA:0,(anonymous_21)
FNDA:0,(anonymous_22)
FNDA:0,(anonymous_23)
FNDA:0,(anonymous_24)
FNDA:0,(anonymous_25)
FNDA:0,(anonymous_26)
FNDA:0,(anonymous_27)
FNDA:0,(anonymous_28)
FNDA:0,(anonymous_29)
FNDA:0,(anonymous_30)
FNDA:0,(anonymous_31)
FNDA:0,(anonymous_32)
FNDA:0,(anonymous_33)
FNDA:0,(anonymous_34)
FNDA:0,(anonymous_35)
FNDA:0,(anonymous_36)
FNDA:0,(anonymous_37)
DA:1,0
DA:2,0
DA:3,0
DA:5,0
DA:9,0
DA:11,0
DA:12,0
DA:15,0
DA:16,0
DA:24,0
DA:25,0
DA:43,0
DA:44,0
DA:57,0
DA:58,0
DA:61,0
DA:62,0
DA:65,0
DA:66,0
DA:69,0
DA:70,0
DA:77,0
DA:78,0
DA:81,0
DA:82,0
DA:85,0
DA:86,0
DA:89,0
DA:90,0
DA:93,0
DA:94,0
DA:104,0
DA:105,0
DA:108,0
DA:109,0
DA:114,0
LF:36
LH:0
BRF:0
BRH:0
end_of_record
TN:
SF:typeDefs/typeDefs.ts
FNF:0
FNH:0
DA:1,0
DA:80,0
LF:2
LH:0
BRF:0
BRH:0
end_of_record
