{"/Users/abed/Desktop/Des/Skole/eksame/Exam-CPHMTOGO/user-service/src/models/company.model.ts": {"path":"/Users/abed/Desktop/Des/Skole/eksame/Exam-CPHMTOGO/user-service/src/models/company.model.ts","statementMap":{"0":{"start":{"line":2,"column":0},"end":{"line":2,"column":41}},"1":{"start":{"line":3,"column":0},"end":{"line":3,"column":45}},"2":{"start":{"line":6,"column":1},"end":{"line":13,"column":null}},"3":{"start":{"line":7,"column":2},"end":{"line":10,"column":6}},"4":{"start":{"line":8,"column":3},"end":{"line":10,"column":6}},"5":{"start":{"line":12,"column":2},"end":{"line":12,"column":10}},"6":{"start":{"line":17,"column":1},"end":{"line":27,"column":null}},"7":{"start":{"line":18,"column":2},"end":{"line":24,"column":6}},"8":{"start":{"line":19,"column":3},"end":{"line":24,"column":6}},"9":{"start":{"line":26,"column":2},"end":{"line":26,"column":10}},"10":{"start":{"line":31,"column":1},"end":{"line":40,"column":null}},"11":{"start":{"line":32,"column":2},"end":{"line":32,"column":66}},"12":{"start":{"line":32,"column":24},"end":{"line":32,"column":66}},"13":{"start":{"line":33,"column":2},"end":{"line":37,"column":5}},"14":{"start":{"line":39,"column":2},"end":{"line":39,"column":10}},"15":{"start":{"line":44,"column":1},"end":{"line":54,"column":null}},"16":{"start":{"line":45,"column":2},"end":{"line":45,"column":66}},"17":{"start":{"line":45,"column":24},"end":{"line":45,"column":66}},"18":{"start":{"line":46,"column":2},"end":{"line":50,"column":5}},"19":{"start":{"line":51,"column":2},"end":{"line":51,"column":14}},"20":{"start":{"line":53,"column":2},"end":{"line":53,"column":10}},"21":{"start":{"line":58,"column":1},"end":{"line":59,"column":75}},"22":{"start":{"line":59,"column":2},"end":{"line":59,"column":75}},"23":{"start":{"line":60,"column":1},"end":{"line":60,"column":73}},"24":{"start":{"line":60,"column":32},"end":{"line":60,"column":73}},"25":{"start":{"line":61,"column":1},"end":{"line":61,"column":73}},"26":{"start":{"line":61,"column":32},"end":{"line":61,"column":73}},"27":{"start":{"line":62,"column":1},"end":{"line":62,"column":78}},"28":{"start":{"line":62,"column":27},"end":{"line":62,"column":78}},"29":{"start":{"line":63,"column":1},"end":{"line":63,"column":74}},"30":{"start":{"line":63,"column":25},"end":{"line":63,"column":74}},"31":{"start":{"line":64,"column":1},"end":{"line":64,"column":13}},"32":{"start":{"line":67,"column":0},"end":{"line":72,"column":2}}},"fnMap":{"0":{"name":"createCompany","decl":{"start":{"line":5,"column":15},"end":{"line":5,"column":28}},"loc":{"start":{"line":5,"column":45},"end":{"line":14,"column":null}}},"1":{"name":"updateCompany","decl":{"start":{"line":16,"column":15},"end":{"line":16,"column":28}},"loc":{"start":{"line":16,"column":45},"end":{"line":28,"column":null}}},"2":{"name":"getCompanyById","decl":{"start":{"line":30,"column":15},"end":{"line":30,"column":29}},"loc":{"start":{"line":30,"column":40},"end":{"line":41,"column":null}}},"3":{"name":"deleteCompany","decl":{"start":{"line":43,"column":15},"end":{"line":43,"column":28}},"loc":{"start":{"line":43,"column":39},"end":{"line":55,"column":null}}},"4":{"name":"isValidCompany","decl":{"start":{"line":57,"column":9},"end":{"line":57,"column":23}},"loc":{"start":{"line":57,"column":40},"end":{"line":65,"column":1}}}},"branchMap":{"0":{"loc":{"start":{"line":7,"column":2},"end":{"line":10,"column":6}},"type":"if","locations":[{"start":{"line":7,"column":2},"end":{"line":10,"column":6}}]},"1":{"loc":{"start":{"line":18,"column":2},"end":{"line":24,"column":6}},"type":"if","locations":[{"start":{"line":18,"column":2},"end":{"line":24,"column":6}}]},"2":{"loc":{"start":{"line":32,"column":2},"end":{"line":32,"column":66}},"type":"if","locations":[{"start":{"line":32,"column":2},"end":{"line":32,"column":66}}]},"3":{"loc":{"start":{"line":45,"column":2},"end":{"line":45,"column":66}},"type":"if","locations":[{"start":{"line":45,"column":2},"end":{"line":45,"column":66}}]},"4":{"loc":{"start":{"line":58,"column":1},"end":{"line":59,"column":75}},"type":"if","locations":[{"start":{"line":58,"column":1},"end":{"line":59,"column":75}}]},"5":{"loc":{"start":{"line":58,"column":5},"end":{"line":58,"column":66}},"type":"binary-expr","locations":[{"start":{"line":58,"column":5},"end":{"line":58,"column":29}},{"start":{"line":58,"column":33},"end":{"line":58,"column":66}}]},"6":{"loc":{"start":{"line":60,"column":1},"end":{"line":60,"column":73}},"type":"if","locations":[{"start":{"line":60,"column":1},"end":{"line":60,"column":73}}]},"7":{"loc":{"start":{"line":61,"column":1},"end":{"line":61,"column":73}},"type":"if","locations":[{"start":{"line":61,"column":1},"end":{"line":61,"column":73}}]},"8":{"loc":{"start":{"line":62,"column":1},"end":{"line":62,"column":78}},"type":"if","locations":[{"start":{"line":62,"column":1},"end":{"line":62,"column":78}}]},"9":{"loc":{"start":{"line":63,"column":1},"end":{"line":63,"column":74}},"type":"if","locations":[{"start":{"line":63,"column":1},"end":{"line":63,"column":74}}]}},"s":{"0":1,"1":1,"2":6,"3":6,"4":1,"5":5,"6":6,"7":6,"8":1,"9":5,"10":2,"11":2,"12":1,"13":1,"14":1,"15":2,"16":2,"17":1,"18":1,"19":1,"20":1,"21":12,"22":2,"23":10,"24":2,"25":8,"26":2,"27":6,"28":2,"29":4,"30":2,"31":2,"32":1},"f":{"0":6,"1":6,"2":2,"3":2,"4":12},"b":{"0":[1],"1":[1],"2":[1],"3":[1],"4":[2],"5":[12,10],"6":[2],"7":[2],"8":[2],"9":[2]}}
,"/Users/abed/Desktop/Des/Skole/eksame/Exam-CPHMTOGO/user-service/src/models/customer.model.ts": {"path":"/Users/abed/Desktop/Des/Skole/eksame/Exam-CPHMTOGO/user-service/src/models/customer.model.ts","statementMap":{"0":{"start":{"line":2,"column":0},"end":{"line":2,"column":41}},"1":{"start":{"line":3,"column":0},"end":{"line":3,"column":45}},"2":{"start":{"line":6,"column":1},"end":{"line":13,"column":null}},"3":{"start":{"line":7,"column":2},"end":{"line":10,"column":6}},"4":{"start":{"line":8,"column":3},"end":{"line":10,"column":6}},"5":{"start":{"line":12,"column":2},"end":{"line":12,"column":10}},"6":{"start":{"line":17,"column":1},"end":{"line":27,"column":null}},"7":{"start":{"line":18,"column":2},"end":{"line":24,"column":6}},"8":{"start":{"line":19,"column":3},"end":{"line":24,"column":6}},"9":{"start":{"line":26,"column":2},"end":{"line":26,"column":10}},"10":{"start":{"line":31,"column":1},"end":{"line":40,"column":null}},"11":{"start":{"line":32,"column":2},"end":{"line":32,"column":66}},"12":{"start":{"line":32,"column":24},"end":{"line":32,"column":66}},"13":{"start":{"line":33,"column":2},"end":{"line":37,"column":5}},"14":{"start":{"line":39,"column":2},"end":{"line":39,"column":10}},"15":{"start":{"line":44,"column":1},"end":{"line":54,"column":null}},"16":{"start":{"line":45,"column":2},"end":{"line":45,"column":66}},"17":{"start":{"line":45,"column":24},"end":{"line":45,"column":66}},"18":{"start":{"line":46,"column":2},"end":{"line":50,"column":5}},"19":{"start":{"line":51,"column":2},"end":{"line":51,"column":14}},"20":{"start":{"line":53,"column":2},"end":{"line":53,"column":10}},"21":{"start":{"line":58,"column":1},"end":{"line":59,"column":77}},"22":{"start":{"line":59,"column":2},"end":{"line":59,"column":77}},"23":{"start":{"line":60,"column":1},"end":{"line":61,"column":49}},"24":{"start":{"line":61,"column":2},"end":{"line":61,"column":49}},"25":{"start":{"line":62,"column":1},"end":{"line":63,"column":48}},"26":{"start":{"line":63,"column":2},"end":{"line":63,"column":48}},"27":{"start":{"line":64,"column":1},"end":{"line":65,"column":52}},"28":{"start":{"line":65,"column":2},"end":{"line":65,"column":52}},"29":{"start":{"line":66,"column":1},"end":{"line":66,"column":75}},"30":{"start":{"line":66,"column":33},"end":{"line":66,"column":75}},"31":{"start":{"line":67,"column":1},"end":{"line":68,"column":47}},"32":{"start":{"line":68,"column":2},"end":{"line":68,"column":47}},"33":{"start":{"line":71,"column":1},"end":{"line":71,"column":13}},"34":{"start":{"line":74,"column":0},"end":{"line":79,"column":2}}},"fnMap":{"0":{"name":"createCustomer","decl":{"start":{"line":5,"column":15},"end":{"line":5,"column":29}},"loc":{"start":{"line":5,"column":48},"end":{"line":14,"column":null}}},"1":{"name":"updateCustomer","decl":{"start":{"line":16,"column":15},"end":{"line":16,"column":29}},"loc":{"start":{"line":16,"column":48},"end":{"line":28,"column":null}}},"2":{"name":"getCustomerById","decl":{"start":{"line":30,"column":15},"end":{"line":30,"column":30}},"loc":{"start":{"line":30,"column":41},"end":{"line":41,"column":null}}},"3":{"name":"deletCustomer","decl":{"start":{"line":43,"column":15},"end":{"line":43,"column":28}},"loc":{"start":{"line":43,"column":39},"end":{"line":55,"column":null}}},"4":{"name":"isValidCustomer","decl":{"start":{"line":57,"column":9},"end":{"line":57,"column":24}},"loc":{"start":{"line":57,"column":43},"end":{"line":72,"column":1}}}},"branchMap":{"0":{"loc":{"start":{"line":7,"column":2},"end":{"line":10,"column":6}},"type":"if","locations":[{"start":{"line":7,"column":2},"end":{"line":10,"column":6}}]},"1":{"loc":{"start":{"line":18,"column":2},"end":{"line":24,"column":6}},"type":"if","locations":[{"start":{"line":18,"column":2},"end":{"line":24,"column":6}}]},"2":{"loc":{"start":{"line":32,"column":2},"end":{"line":32,"column":66}},"type":"if","locations":[{"start":{"line":32,"column":2},"end":{"line":32,"column":66}}]},"3":{"loc":{"start":{"line":45,"column":2},"end":{"line":45,"column":66}},"type":"if","locations":[{"start":{"line":45,"column":2},"end":{"line":45,"column":66}}]},"4":{"loc":{"start":{"line":58,"column":1},"end":{"line":59,"column":77}},"type":"if","locations":[{"start":{"line":58,"column":1},"end":{"line":59,"column":77}}]},"5":{"loc":{"start":{"line":58,"column":5},"end":{"line":58,"column":68}},"type":"binary-expr","locations":[{"start":{"line":58,"column":5},"end":{"line":58,"column":30}},{"start":{"line":58,"column":34},"end":{"line":58,"column":68}}]},"6":{"loc":{"start":{"line":60,"column":1},"end":{"line":61,"column":49}},"type":"if","locations":[{"start":{"line":60,"column":1},"end":{"line":61,"column":49}}]},"7":{"loc":{"start":{"line":62,"column":1},"end":{"line":63,"column":48}},"type":"if","locations":[{"start":{"line":62,"column":1},"end":{"line":63,"column":48}}]},"8":{"loc":{"start":{"line":64,"column":1},"end":{"line":65,"column":52}},"type":"if","locations":[{"start":{"line":64,"column":1},"end":{"line":65,"column":52}}]},"9":{"loc":{"start":{"line":66,"column":1},"end":{"line":66,"column":75}},"type":"if","locations":[{"start":{"line":66,"column":1},"end":{"line":66,"column":75}}]},"10":{"loc":{"start":{"line":67,"column":1},"end":{"line":68,"column":47}},"type":"if","locations":[{"start":{"line":67,"column":1},"end":{"line":68,"column":47}}]}},"s":{"0":1,"1":1,"2":8,"3":8,"4":1,"5":7,"6":8,"7":8,"8":1,"9":7,"10":2,"11":2,"12":1,"13":1,"14":1,"15":2,"16":2,"17":1,"18":1,"19":1,"20":1,"21":16,"22":2,"23":14,"24":2,"25":12,"26":2,"27":10,"28":4,"29":6,"30":2,"31":4,"32":2,"33":2,"34":1},"f":{"0":8,"1":8,"2":2,"3":2,"4":16},"b":{"0":[1],"1":[1],"2":[1],"3":[1],"4":[2],"5":[16,14],"6":[2],"7":[2],"8":[4],"9":[2],"10":[2]}}
,"/Users/abed/Desktop/Des/Skole/eksame/Exam-CPHMTOGO/user-service/src/models/employee.model.ts": {"path":"/Users/abed/Desktop/Des/Skole/eksame/Exam-CPHMTOGO/user-service/src/models/employee.model.ts","statementMap":{"0":{"start":{"line":2,"column":0},"end":{"line":2,"column":41}},"1":{"start":{"line":3,"column":0},"end":{"line":3,"column":45}},"2":{"start":{"line":6,"column":1},"end":{"line":13,"column":null}},"3":{"start":{"line":7,"column":2},"end":{"line":10,"column":6}},"4":{"start":{"line":8,"column":3},"end":{"line":10,"column":6}},"5":{"start":{"line":12,"column":2},"end":{"line":12,"column":10}},"6":{"start":{"line":17,"column":1},"end":{"line":27,"column":null}},"7":{"start":{"line":18,"column":2},"end":{"line":24,"column":6}},"8":{"start":{"line":19,"column":3},"end":{"line":24,"column":6}},"9":{"start":{"line":26,"column":2},"end":{"line":26,"column":10}},"10":{"start":{"line":31,"column":1},"end":{"line":40,"column":null}},"11":{"start":{"line":32,"column":2},"end":{"line":32,"column":66}},"12":{"start":{"line":32,"column":24},"end":{"line":32,"column":66}},"13":{"start":{"line":33,"column":2},"end":{"line":37,"column":5}},"14":{"start":{"line":39,"column":2},"end":{"line":39,"column":10}},"15":{"start":{"line":44,"column":1},"end":{"line":54,"column":null}},"16":{"start":{"line":45,"column":2},"end":{"line":45,"column":66}},"17":{"start":{"line":45,"column":24},"end":{"line":45,"column":66}},"18":{"start":{"line":46,"column":2},"end":{"line":50,"column":5}},"19":{"start":{"line":51,"column":2},"end":{"line":51,"column":14}},"20":{"start":{"line":53,"column":2},"end":{"line":53,"column":10}},"21":{"start":{"line":58,"column":1},"end":{"line":59,"column":77}},"22":{"start":{"line":59,"column":2},"end":{"line":59,"column":77}},"23":{"start":{"line":60,"column":1},"end":{"line":61,"column":49}},"24":{"start":{"line":61,"column":2},"end":{"line":61,"column":49}},"25":{"start":{"line":62,"column":1},"end":{"line":63,"column":48}},"26":{"start":{"line":63,"column":2},"end":{"line":63,"column":48}},"27":{"start":{"line":64,"column":1},"end":{"line":64,"column":79}},"28":{"start":{"line":64,"column":35},"end":{"line":64,"column":79}},"29":{"start":{"line":65,"column":1},"end":{"line":65,"column":75}},"30":{"start":{"line":65,"column":33},"end":{"line":65,"column":75}},"31":{"start":{"line":66,"column":1},"end":{"line":67,"column":47}},"32":{"start":{"line":67,"column":2},"end":{"line":67,"column":47}},"33":{"start":{"line":68,"column":1},"end":{"line":69,"column":54}},"34":{"start":{"line":69,"column":2},"end":{"line":69,"column":54}},"35":{"start":{"line":70,"column":1},"end":{"line":70,"column":76}},"36":{"start":{"line":70,"column":26},"end":{"line":70,"column":76}},"37":{"start":{"line":71,"column":1},"end":{"line":71,"column":13}},"38":{"start":{"line":74,"column":0},"end":{"line":79,"column":2}}},"fnMap":{"0":{"name":"createEmployee","decl":{"start":{"line":5,"column":15},"end":{"line":5,"column":29}},"loc":{"start":{"line":5,"column":48},"end":{"line":14,"column":null}}},"1":{"name":"updateEmployee","decl":{"start":{"line":16,"column":15},"end":{"line":16,"column":29}},"loc":{"start":{"line":16,"column":48},"end":{"line":28,"column":null}}},"2":{"name":"getEmployeeById","decl":{"start":{"line":30,"column":15},"end":{"line":30,"column":30}},"loc":{"start":{"line":30,"column":41},"end":{"line":41,"column":null}}},"3":{"name":"deleteEmployee","decl":{"start":{"line":43,"column":15},"end":{"line":43,"column":29}},"loc":{"start":{"line":43,"column":40},"end":{"line":55,"column":null}}},"4":{"name":"isValidCustomer","decl":{"start":{"line":57,"column":9},"end":{"line":57,"column":24}},"loc":{"start":{"line":57,"column":43},"end":{"line":72,"column":1}}}},"branchMap":{"0":{"loc":{"start":{"line":7,"column":2},"end":{"line":10,"column":6}},"type":"if","locations":[{"start":{"line":7,"column":2},"end":{"line":10,"column":6}}]},"1":{"loc":{"start":{"line":18,"column":2},"end":{"line":24,"column":6}},"type":"if","locations":[{"start":{"line":18,"column":2},"end":{"line":24,"column":6}}]},"2":{"loc":{"start":{"line":32,"column":2},"end":{"line":32,"column":66}},"type":"if","locations":[{"start":{"line":32,"column":2},"end":{"line":32,"column":66}}]},"3":{"loc":{"start":{"line":45,"column":2},"end":{"line":45,"column":66}},"type":"if","locations":[{"start":{"line":45,"column":2},"end":{"line":45,"column":66}}]},"4":{"loc":{"start":{"line":58,"column":1},"end":{"line":59,"column":77}},"type":"if","locations":[{"start":{"line":58,"column":1},"end":{"line":59,"column":77}}]},"5":{"loc":{"start":{"line":58,"column":5},"end":{"line":58,"column":68}},"type":"binary-expr","locations":[{"start":{"line":58,"column":5},"end":{"line":58,"column":30}},{"start":{"line":58,"column":34},"end":{"line":58,"column":68}}]},"6":{"loc":{"start":{"line":60,"column":1},"end":{"line":61,"column":49}},"type":"if","locations":[{"start":{"line":60,"column":1},"end":{"line":61,"column":49}}]},"7":{"loc":{"start":{"line":62,"column":1},"end":{"line":63,"column":48}},"type":"if","locations":[{"start":{"line":62,"column":1},"end":{"line":63,"column":48}}]},"8":{"loc":{"start":{"line":64,"column":1},"end":{"line":64,"column":79}},"type":"if","locations":[{"start":{"line":64,"column":1},"end":{"line":64,"column":79}}]},"9":{"loc":{"start":{"line":65,"column":1},"end":{"line":65,"column":75}},"type":"if","locations":[{"start":{"line":65,"column":1},"end":{"line":65,"column":75}}]},"10":{"loc":{"start":{"line":66,"column":1},"end":{"line":67,"column":47}},"type":"if","locations":[{"start":{"line":66,"column":1},"end":{"line":67,"column":47}}]},"11":{"loc":{"start":{"line":68,"column":1},"end":{"line":69,"column":54}},"type":"if","locations":[{"start":{"line":68,"column":1},"end":{"line":69,"column":54}}]},"12":{"loc":{"start":{"line":70,"column":1},"end":{"line":70,"column":76}},"type":"if","locations":[{"start":{"line":70,"column":1},"end":{"line":70,"column":76}}]}},"s":{"0":1,"1":1,"2":9,"3":9,"4":1,"5":8,"6":10,"7":10,"8":1,"9":9,"10":2,"11":2,"12":1,"13":1,"14":1,"15":2,"16":2,"17":1,"18":1,"19":1,"20":1,"21":19,"22":4,"23":15,"24":2,"25":13,"26":2,"27":11,"28":1,"29":10,"30":2,"31":8,"32":2,"33":6,"34":2,"35":4,"36":2,"37":2,"38":1},"f":{"0":9,"1":10,"2":2,"3":2,"4":19},"b":{"0":[1],"1":[1],"2":[1],"3":[1],"4":[4],"5":[19,17],"6":[2],"7":[2],"8":[1],"9":[2],"10":[2],"11":[2],"12":[2]}}
,"/Users/abed/Desktop/Des/Skole/eksame/Exam-CPHMTOGO/user-service/src/utils/checkUuid.ts": {"path":"/Users/abed/Desktop/Des/Skole/eksame/Exam-CPHMTOGO/user-service/src/utils/checkUuid.ts","statementMap":{"0":{"start":{"line":3,"column":4},"end":{"line":3,"column":93}},"1":{"start":{"line":4,"column":2},"end":{"line":4,"column":29}},"2":{"start":{"line":1,"column":0},"end":{"line":1,"column":24}}},"fnMap":{"0":{"name":"isValidUuid","decl":{"start":{"line":1,"column":24},"end":{"line":1,"column":35}},"loc":{"start":{"line":1,"column":48},"end":{"line":5,"column":1}}}},"branchMap":{},"s":{"0":100,"1":100,"2":3},"f":{"0":100},"b":{}}
}
