{"/Users/abed/Desktop/Des/Skole/eksame/Exam-CPHMTOGO/CPHMTOGO/email-service/src/send.ts": {"path":"/Users/abed/Desktop/Des/Skole/eksame/Exam-CPHMTOGO/CPHMTOGO/email-service/src/send.ts","statementMap":{"0":{"start":{"line":1,"column":0},"end":{"line":1,"column":27}},"1":{"start":{"line":4,"column":20},"end":{"line":4,"column":58}},"2":{"start":{"line":5,"column":17},"end":{"line":5,"column":49}},"3":{"start":{"line":7,"column":1},"end":{"line":7,"column":37}},"4":{"start":{"line":9,"column":15},"end":{"line":31,"column":3}},"5":{"start":{"line":33,"column":1},"end":{"line":33,"column":73}},"6":{"start":{"line":35,"column":1},"end":{"line":35,"column":23}},"7":{"start":{"line":36,"column":1},"end":{"line":36,"column":26}},"8":{"start":{"line":39,"column":0},"end":{"line":39,"column":15}}},"fnMap":{"0":{"name":"connectQueue","decl":{"start":{"line":3,"column":15},"end":{"line":3,"column":27}},"loc":{"start":{"line":3,"column":27},"end":{"line":37,"column":null}}}},"branchMap":{},"s":{"0":0,"1":0,"2":0,"3":0,"4":0,"5":0,"6":0,"7":0,"8":0},"f":{"0":0},"b":{}}
,"/Users/abed/Desktop/Des/Skole/eksame/Exam-CPHMTOGO/CPHMTOGO/email-service/src/consumer/order.consumer.ts": {"path":"/Users/abed/Desktop/Des/Skole/eksame/Exam-CPHMTOGO/CPHMTOGO/email-service/src/consumer/order.consumer.ts","statementMap":{"0":{"start":{"line":1,"column":0},"end":{"line":1,"column":47}},"1":{"start":{"line":2,"column":0},"end":{"line":2,"column":54}},"2":{"start":{"line":5,"column":20},"end":{"line":5,"column":58}},"3":{"start":{"line":6,"column":17},"end":{"line":6,"column":49}},"4":{"start":{"line":8,"column":1},"end":{"line":8,"column":37}},"5":{"start":{"line":10,"column":1},"end":{"line":23,"column":3}},"6":{"start":{"line":13,"column":3},"end":{"line":18,"column":null}},"7":{"start":{"line":14,"column":4},"end":{"line":14,"column":52}},"8":{"start":{"line":15,"column":4},"end":{"line":15,"column":49}},"9":{"start":{"line":17,"column":4},"end":{"line":17,"column":32}},"10":{"start":{"line":26,"column":0},"end":{"line":26,"column":15}}},"fnMap":{"0":{"name":"connectQueue","decl":{"start":{"line":4,"column":15},"end":{"line":4,"column":27}},"loc":{"start":{"line":4,"column":27},"end":{"line":24,"column":null}}},"1":{"name":"(anonymous_9)","decl":{"start":{"line":12,"column":2},"end":{"line":12,"column":3}},"loc":{"start":{"line":12,"column":33},"end":{"line":19,"column":3}}}},"branchMap":{"0":{"loc":{"start":{"line":13,"column":3},"end":{"line":18,"column":null}},"type":"if","locations":[{"start":{"line":13,"column":3},"end":{"line":18,"column":null}},{"start":{"line":16,"column":10},"end":{"line":18,"column":null}}]}},"s":{"0":0,"1":0,"2":0,"3":0,"4":0,"5":0,"6":0,"7":0,"8":0,"9":0,"10":0},"f":{"0":0,"1":0},"b":{"0":[0,0]}}
,"/Users/abed/Desktop/Des/Skole/eksame/Exam-CPHMTOGO/CPHMTOGO/email-service/src/controller/order.controller.ts": {"path":"/Users/abed/Desktop/Des/Skole/eksame/Exam-CPHMTOGO/CPHMTOGO/email-service/src/controller/order.controller.ts","statementMap":{"0":{"start":{"line":5,"column":0},"end":{"line":5,"column":24}}},"fnMap":{"0":{"name":"sendMail","decl":{"start":{"line":3,"column":9},"end":{"line":3,"column":17}},"loc":{"start":{"line":3,"column":31},"end":{"line":3,"column":35}}}},"branchMap":{},"s":{"0":0},"f":{"0":0},"b":{}}
}
