TN:
SF:src/send.ts
FN:3,connectQueue
FNF:1
FNH:0
FNDA:0,connectQueue
DA:1,0
DA:4,0
DA:5,0
DA:7,0
DA:9,0
DA:33,0
DA:35,0
DA:36,0
DA:39,0
LF:9
LH:0
BRF:0
BRH:0
end_of_record
TN:
SF:src/consumer/order.consumer.ts
FN:4,connectQueue
FN:12,(anonymous_9)
FNF:2
FNH:0
FNDA:0,connectQueue
FNDA:0,(anonymous_9)
DA:1,0
DA:2,0
DA:5,0
DA:6,0
DA:8,0
DA:10,0
DA:13,0
DA:14,0
DA:15,0
DA:17,0
DA:26,0
LF:11
LH:0
BRDA:13,0,0,0
BRDA:13,0,1,0
BRF:2
BRH:0
end_of_record
TN:
SF:src/controller/order.controller.ts
FN:3,sendMail
FNF:1
FNH:0
FNDA:0,sendMail
DA:5,0
LF:1
LH:0
BRF:0
BRH:0
end_of_record
