TN:
SF:src/server.ts
FN:16,(anonymous_1)
FNF:1
FNH:0
FNDA:0,(anonymous_1)
DA:1,0
DA:2,0
DA:3,0
DA:4,0
DA:5,0
DA:7,0
DA:9,0
DA:10,0
DA:12,0
DA:13,0
DA:14,0
DA:16,0
DA:17,0
LF:13
LH:0
BRF:0
BRH:0
end_of_record
TN:
SF:src/controllers/company.controller.ts
FN:5,createCompany
FN:16,updateCompany
FN:27,getCompanyById
FN:31,deleteCompany
FNF:4
FNH:0
FNDA:0,createCompany
FNDA:0,updateCompany
FNDA:0,getCompanyById
FNDA:0,deleteCompany
DA:2,0
DA:3,0
DA:6,0
DA:17,0
DA:28,0
DA:32,0
DA:35,0
LF:7
LH:0
BRF:0
BRH:0
end_of_record
TN:
SF:src/controllers/customer.controller.ts
FN:5,createCustomer
FN:18,updateCustomer
FN:31,getCustomerById
FN:35,deleteCustomer
FNF:4
FNH:0
FNDA:0,createCustomer
FNDA:0,updateCustomer
FNDA:0,getCustomerById
FNDA:0,deleteCustomer
DA:1,0
DA:3,0
DA:6,0
DA:19,0
DA:32,0
DA:36,0
DA:39,0
LF:7
LH:0
BRF:0
BRH:0
end_of_record
TN:
SF:src/controllers/employee.controller.ts
FN:5,createEmployee
FN:19,updateEmployee
FN:33,getEmployeeById
FN:37,deleteEmployee
FNF:4
FNH:0
FNDA:0,createEmployee
FNDA:0,updateEmployee
FNDA:0,getEmployeeById
FNDA:0,deleteEmployee
DA:1,0
DA:3,0
DA:6,0
DA:20,0
DA:34,0
DA:38,0
DA:41,0
LF:7
LH:0
BRF:0
BRH:0
end_of_record
TN:
SF:src/models/company.model.ts
FN:5,createCompany
FN:16,updateCompany
FN:30,getCompanyById
FN:43,deleteCompany
FN:57,isValidCompany
FNF:5
FNH:5
FNDA:6,createCompany
FNDA:6,updateCompany
FNDA:2,getCompanyById
FNDA:2,deleteCompany
FNDA:12,isValidCompany
DA:2,1
DA:3,1
DA:6,6
DA:7,6
DA:8,1
DA:12,5
DA:17,6
DA:18,6
DA:19,1
DA:26,5
DA:31,2
DA:32,2
DA:33,1
DA:39,1
DA:44,2
DA:45,2
DA:46,1
DA:51,1
DA:53,1
DA:58,12
DA:59,2
DA:60,10
DA:61,8
DA:62,6
DA:63,4
DA:64,2
DA:67,1
LF:27
LH:27
BRDA:7,0,0,1
BRDA:18,1,0,1
BRDA:32,2,0,1
BRDA:45,3,0,1
BRDA:58,4,0,2
BRDA:58,5,0,12
BRDA:58,5,1,10
BRDA:60,6,0,2
BRDA:61,7,0,2
BRDA:62,8,0,2
BRDA:63,9,0,2
BRF:11
BRH:11
end_of_record
TN:
SF:src/models/customer.model.ts
FN:5,createCustomer
FN:16,updateCustomer
FN:30,getCustomerById
FN:43,deletCustomer
FN:57,isValidCustomer
FNF:5
FNH:5
FNDA:8,createCustomer
FNDA:8,updateCustomer
FNDA:2,getCustomerById
FNDA:2,deletCustomer
FNDA:16,isValidCustomer
DA:2,1
DA:3,1
DA:6,8
DA:7,8
DA:8,1
DA:12,7
DA:17,8
DA:18,8
DA:19,1
DA:26,7
DA:31,2
DA:32,2
DA:33,1
DA:39,1
DA:44,2
DA:45,2
DA:46,1
DA:51,1
DA:53,1
DA:58,16
DA:59,2
DA:60,14
DA:61,2
DA:62,12
DA:63,2
DA:64,10
DA:65,4
DA:66,6
DA:67,4
DA:68,2
DA:71,2
DA:74,1
LF:32
LH:32
BRDA:7,0,0,1
BRDA:18,1,0,1
BRDA:32,2,0,1
BRDA:45,3,0,1
BRDA:58,4,0,2
BRDA:58,5,0,16
BRDA:58,5,1,14
BRDA:60,6,0,2
BRDA:62,7,0,2
BRDA:64,8,0,4
BRDA:66,9,0,2
BRDA:67,10,0,2
BRF:12
BRH:12
end_of_record
TN:
SF:src/models/employee.model.ts
FN:5,createEmployee
FN:16,updateEmployee
FN:30,getEmployeeById
FN:43,deleteEmployee
FN:57,isValidCustomer
FNF:5
FNH:5
FNDA:9,createEmployee
FNDA:10,updateEmployee
FNDA:2,getEmployeeById
FNDA:2,deleteEmployee
FNDA:19,isValidCustomer
DA:2,1
DA:3,1
DA:6,9
DA:7,9
DA:8,1
DA:12,8
DA:17,10
DA:18,10
DA:19,1
DA:26,9
DA:31,2
DA:32,2
DA:33,1
DA:39,1
DA:44,2
DA:45,2
DA:46,1
DA:51,1
DA:53,1
DA:58,19
DA:59,4
DA:60,15
DA:61,2
DA:62,13
DA:63,2
DA:64,11
DA:65,10
DA:66,8
DA:67,2
DA:68,6
DA:69,2
DA:70,4
DA:71,2
DA:74,1
LF:34
LH:34
BRDA:7,0,0,1
BRDA:18,1,0,1
BRDA:32,2,0,1
BRDA:45,3,0,1
BRDA:58,4,0,4
BRDA:58,5,0,19
BRDA:58,5,1,17
BRDA:60,6,0,2
BRDA:62,7,0,2
BRDA:64,8,0,1
BRDA:65,9,0,2
BRDA:66,10,0,2
BRDA:68,11,0,2
BRDA:70,12,0,2
BRF:14
BRH:14
end_of_record
TN:
SF:src/routes/company.routes.ts
FN:7,(anonymous_8)
FN:7,(anonymous_9)
FN:15,(anonymous_10)
FN:15,(anonymous_11)
FN:23,(anonymous_12)
FN:23,(anonymous_13)
FN:31,(anonymous_14)
FN:31,(anonymous_15)
FNF:8
FNH:0
FNDA:0,(anonymous_8)
FNDA:0,(anonymous_9)
FNDA:0,(anonymous_10)
FNDA:0,(anonymous_11)
FNDA:0,(anonymous_12)
FNDA:0,(anonymous_13)
FNDA:0,(anonymous_14)
FNDA:0,(anonymous_15)
DA:1,0
DA:3,0
DA:5,0
DA:7,0
DA:8,0
DA:9,0
DA:11,0
DA:15,0
DA:16,0
DA:17,0
DA:19,0
DA:23,0
DA:24,0
DA:25,0
DA:27,0
DA:31,0
DA:32,0
DA:33,0
DA:35,0
DA:39,0
LF:20
LH:0
BRF:0
BRH:0
end_of_record
TN:
SF:src/routes/customer.routes.ts
FN:7,(anonymous_8)
FN:7,(anonymous_9)
FN:14,(anonymous_10)
FN:14,(anonymous_11)
FN:21,(anonymous_12)
FN:21,(anonymous_13)
FN:28,(anonymous_14)
FN:28,(anonymous_15)
FNF:8
FNH:0
FNDA:0,(anonymous_8)
FNDA:0,(anonymous_9)
FNDA:0,(anonymous_10)
FNDA:0,(anonymous_11)
FNDA:0,(anonymous_12)
FNDA:0,(anonymous_13)
FNDA:0,(anonymous_14)
FNDA:0,(anonymous_15)
DA:1,0
DA:2,0
DA:5,0
DA:7,0
DA:8,0
DA:9,0
DA:11,0
DA:14,0
DA:15,0
DA:16,0
DA:18,0
DA:21,0
DA:22,0
DA:23,0
DA:25,0
DA:28,0
DA:29,0
DA:30,0
DA:32,0
DA:36,0
LF:20
LH:0
BRF:0
BRH:0
end_of_record
TN:
SF:src/routes/employee.routes.ts
FN:7,(anonymous_8)
FN:7,(anonymous_9)
FN:14,(anonymous_10)
FN:14,(anonymous_11)
FN:21,(anonymous_12)
FN:21,(anonymous_13)
FN:28,(anonymous_14)
FN:28,(anonymous_15)
FNF:8
FNH:0
FNDA:0,(anonymous_8)
FNDA:0,(anonymous_9)
FNDA:0,(anonymous_10)
FNDA:0,(anonymous_11)
FNDA:0,(anonymous_12)
FNDA:0,(anonymous_13)
FNDA:0,(anonymous_14)
FNDA:0,(anonymous_15)
DA:1,0
DA:3,0
DA:5,0
DA:7,0
DA:8,0
DA:9,0
DA:11,0
DA:14,0
DA:15,0
DA:16,0
DA:18,0
DA:21,0
DA:22,0
DA:23,0
DA:25,0
DA:28,0
DA:29,0
DA:30,0
DA:32,0
DA:36,0
LF:20
LH:0
BRF:0
BRH:0
end_of_record
TN:
SF:src/utils/checkUuid.ts
FN:1,isValidUuid
FNF:1
FNH:1
FNDA:100,isValidUuid
DA:1,3
DA:3,100
DA:4,100
LF:3
LH:3
BRF:0
BRH:0
end_of_record
